<?xml version="1.0" encoding="UTF-8"?>
<testng-results skipped="0" failed="0" ignored="0" total="2" passed="2">
  <reporter-output>
  </reporter-output>
  <suite name="Default suite" duration-ms="22719" started-at="2017-11-27T16:25:53Z" finished-at="2017-11-27T16:26:15Z">
    <groups>
    </groups>
    <test name="Default test" duration-ms="22719" started-at="2017-11-27T16:25:53Z" finished-at="2017-11-27T16:26:15Z">
      <class name="com.OHRMS.testcases.LoginPageTest">
        <test-method status="PASS" signature="setup()[pri:0, instance:com.OHRMS.testcases.LoginPageTest@5700d6b1]" name="setup" is-config="true" duration-ms="10894" started-at="2017-11-27T21:55:53Z" finished-at="2017-11-27T21:56:04Z">
          <reporter-output>
          </reporter-output>
        </test-method> <!-- setup -->
        <test-method status="PASS" signature="loginPageTitleTest()[pri:1, instance:com.OHRMS.testcases.LoginPageTest@5700d6b1]" name="loginPageTitleTest" duration-ms="19" started-at="2017-11-27T21:56:04Z" finished-at="2017-11-27T21:56:04Z">
          <reporter-output>
          </reporter-output>
        </test-method> <!-- loginPageTitleTest -->
        <test-method status="PASS" signature="teardown()[pri:0, instance:com.OHRMS.testcases.LoginPageTest@5700d6b1]" name="teardown" is-config="true" duration-ms="1" started-at="2017-11-27T21:56:04Z" finished-at="2017-11-27T21:56:04Z">
          <reporter-output>
          </reporter-output>
        </test-method> <!-- teardown -->
        <test-method status="PASS" signature="setup()[pri:0, instance:com.OHRMS.testcases.LoginPageTest@5700d6b1]" name="setup" is-config="true" duration-ms="7347" started-at="2017-11-27T21:56:04Z" finished-at="2017-11-27T21:56:11Z">
          <reporter-output>
          </reporter-output>
        </test-method> <!-- setup -->
        <test-method status="PASS" signature="LoginTest()[pri:2, instance:com.OHRMS.testcases.LoginPageTest@5700d6b1]" name="LoginTest" duration-ms="4418" started-at="2017-11-27T21:56:11Z" finished-at="2017-11-27T21:56:15Z">
          <reporter-output>
          </reporter-output>
        </test-method> <!-- LoginTest -->
        <test-method status="PASS" signature="teardown()[pri:0, instance:com.OHRMS.testcases.LoginPageTest@5700d6b1]" name="teardown" is-config="true" duration-ms="0" started-at="2017-11-27T21:56:15Z" finished-at="2017-11-27T21:56:15Z">
          <reporter-output>
          </reporter-output>
        </test-method> <!-- teardown -->
      </class> <!-- com.OHRMS.testcases.LoginPageTest -->
    </test> <!-- Default test -->
  </suite> <!-- Default suite -->
</testng-results>
